[2022-04-04T15:07:27.914] [INFO] default - funName:register 
      ctx.request.body:{},
      ctx.body:undefined
[2022-04-04T15:08:14.671] [INFO] default - funName:register 
      ctx.request.body:{},
      ctx.body:{"status":200,"data":null,"msg":"注册成功"}
[2022-04-04T15:08:42.357] [INFO] default - funName:register 
      ctx.request.body:{},
      ctx.body:{"status":200,"data":null,"msg":"注册成功"}
[2022-04-04T15:08:58.076] [INFO] default - funName:register 
      ctx.request.body:{"username":"huhu","password":"1231"},
      ctx.body:{"status":200,"data":null,"msg":"注册成功"}
[2022-04-04T16:24:24.858] [INFO] default - 连接数据库成功:undefined
[2022-04-04T16:24:28.171] [INFO] default - 连接数据库成功:undefined
[2022-04-04T16:24:31.306] [INFO] default - funName:register 
      ctx.request.body:{"username":"huhu","password":"1231"},
      ctx.body:{"status":200,"data":null,"msg":"注册成功"}
[2022-04-04T16:25:07.100] [INFO] default - 连接数据库成功:undefined
[2022-04-04T16:25:08.534] [INFO] default - funName:register 
      ctx.request.body:{"username":"huhu","password":"1231"},
      ctx.body:{"status":200,"data":null,"msg":"注册成功"}
[2022-04-04T16:25:46.635] [INFO] default - 连接数据库成功:undefined
[2022-04-04T16:25:46.847] [INFO] default - funName:register 
      ctx.request.body:{"username":"huhu","password":"1231"},
      ctx.body:{"status":200,"data":null,"msg":"注册成功"}
[2022-04-04T16:27:00.478] [INFO] default - 连接数据库成功:undefined
[2022-04-04T16:27:09.608] [INFO] default - funName:register 
      ctx.request.body:{"username":"huhu","password":"1231"},
      ctx.body:{"status":200,"data":null,"msg":"注册成功"}
[2022-04-04T16:27:21.757] [INFO] default - 连接数据库成功:undefined
[2022-04-04T16:27:24.755] [INFO] default - funName:register 
      ctx.request.body:{"username":"huhu","password":"1231"},
      ctx.body:{"status":200,"data":null,"msg":"注册成功"}
[2022-04-04T16:28:04.769] [INFO] default - 连接数据库成功:undefined
[2022-04-04T16:28:07.312] [INFO] default - funName:register 
      ctx.request.body:{"username":"huhu","password":"1231"},
      ctx.body:{"status":500,"data":null,"msg":"注册失败,该用户已存在"}
[2022-04-04T16:28:15.078] [INFO] default - funName:register 
      ctx.request.body:{"username":"huhu","password":"1231"},
      ctx.body:{"status":500,"data":null,"msg":"注册失败,该用户已存在"}
[2022-04-04T16:28:40.335] [INFO] default - funName:register 
      ctx.request.body:{"username":"huhu","password":"1231"},
      ctx.body:{"status":500,"data":null,"msg":"注册失败,该用户已存在"}
[2022-04-04T17:28:13.400] [INFO] default - 连接数据库成功:undefined
[2022-04-04T17:28:31.264] [INFO] default - funName:register 
      ctx.request.body:{"username":"huhu","password":"1231"},
      ctx.body:{"status":500,"data":null,"msg":"注册失败,该用户已存在"}
[2022-04-04T17:28:35.519] [INFO] default - funName:register 
      ctx.request.body:{"username":"huhu","password":"1231"},
      ctx.body:{"status":500,"data":null,"msg":"注册失败,该用户已存在"}
[2022-04-04T17:29:32.441] [INFO] default - 连接数据库成功:undefined
[2022-04-04T17:29:33.739] [INFO] default - funName:register 
      ctx.request.body:{"username":"huhu","password":"1231"},
      ctx.body:undefined
[2022-04-04T17:30:15.506] [INFO] default - 连接数据库成功:undefined
[2022-04-04T17:30:22.570] [INFO] default - 连接数据库成功:undefined
[2022-04-04T17:30:24.264] [INFO] default - funName:register 
      ctx.request.body:{"username":"huhu","password":"1231"},
      ctx.body:{"status":500,"data":null,"msg":"注册失败,该用户已存在"}
[2022-04-04T17:33:20.808] [INFO] default - 连接数据库成功:undefined
[2022-04-04T17:33:22.460] [INFO] default - 连接数据库成功:undefined
[2022-04-04T17:33:54.394] [INFO] default - 连接数据库成功:undefined
[2022-04-04T17:34:50.732] [INFO] default - 连接数据库成功:undefined
[2022-04-04T17:36:57.275] [INFO] default - 连接数据库成功:undefined
[2022-04-04T17:40:32.723] [INFO] default - 连接数据库成功:undefined
[2022-04-04T17:43:18.544] [INFO] default - 连接数据库成功:undefined
[2022-04-04T17:46:06.930] [INFO] default - 连接数据库成功:undefined
[2022-04-04T17:46:36.023] [INFO] default - 连接数据库成功:undefined
[2022-04-04T17:46:36.246] [INFO] default - funName:register 
      ctx.request.body:{"username":"huhu","password":"1231"},
      ctx.body:{"status":500,"data":null,"msg":"注册失败,该用户已存在"}
[2022-04-04T17:49:12.766] [INFO] default - 连接数据库成功:undefined
[2022-04-04T17:49:27.484] [ERROR] default - funName:userValidator,
      ctx.request.body:{"username":"huhu","password":"1231"},
      ctx.body:{"status":500,"data":null,"msg":"系统错误,注册失败111111"},
      e:Error: 123
      
[2022-04-04T17:49:45.021] [INFO] default - 连接数据库成功:undefined
[2022-04-04T17:50:13.677] [INFO] default - 连接数据库成功:undefined
[2022-04-04T17:50:15.209] [ERROR] default - funName:userValidator,
      ctx.request.body:{"username":"huhu","password":"1231"},
      ctx.body:{"status":500,"data":null,"msg":"系统错误,注册失败"},
      e:Error: 123
      
[2022-04-04T17:50:45.897] [INFO] default - 连接数据库成功:undefined
[2022-04-04T18:02:42.740] [INFO] default - 连接数据库成功:undefined
[2022-04-04T18:08:13.911] [INFO] default - 连接数据库成功:undefined
[2022-04-04T18:09:23.012] [INFO] default - 连接数据库成功:undefined
[2022-04-04T18:10:06.823] [INFO] default - 连接数据库成功:undefined
[2022-04-04T18:12:59.975] [INFO] default - 连接数据库成功:undefined
[2022-04-04T18:47:24.293] [INFO] default - 连接数据库成功:undefined
[2022-04-04T18:47:24.394] [INFO] default - funName:userValidator 
      ctx.request.body:{"username":"huhu","password":"1231"},
      ctx.body:undefined
[2022-04-04T18:48:13.370] [INFO] default - 连接数据库成功:undefined
[2022-04-04T18:48:17.639] [INFO] default - funName:userValidator 
      ctx.request.body:{"username":"huhu","password":"1231"},
      ctx.body:undefined
[2022-04-04T18:51:11.948] [INFO] default - 连接数据库成功:undefined
[2022-04-04T18:51:20.599] [INFO] default - funName:userValidator 
      ctx.request.body:{"username":"huhu","password":"1231"},
      ctx.body:undefined
[2022-04-04T18:51:36.031] [INFO] default - funName:userValidator 
      ctx.request.body:{"username":"huhu","password":"1"},
      ctx.body:undefined
[2022-04-04T18:58:22.903] [INFO] default - 连接数据库成功:undefined
[2022-04-04T19:03:41.156] [INFO] default - 连接数据库成功:undefined
[2022-04-04T19:03:41.589] [INFO] default - funName:register 
      ctx.request.body:{"username":"huhu","password":"12345"},
      ctx.body:{"status":500,"data":null,"msg":"注册失败,该用户已存在"}
[2022-04-04T19:03:41.589] [INFO] default - funName:userValidator 
      ctx.request.body:{"username":"huhu","password":"12345"},
      ctx.body:{"status":500,"data":null,"msg":"注册失败,该用户已存在"}
[2022-04-04T19:03:48.383] [INFO] default - funName:userValidator 
      ctx.request.body:{"username":"huhu","password":"12"},
      ctx.body:{"status":500,"data":null,"msg":"账号密码错误"}
[2022-04-04T19:04:00.980] [INFO] default - 连接数据库成功:undefined
[2022-04-04T19:04:13.997] [INFO] default - 连接数据库成功:undefined
[2022-04-04T19:04:15.089] [INFO] default - funName:userValidator 
      ctx.request.body:{"username":"huhu","password":"12"},
      ctx.body:{"status":500,"data":null,"msg":"请输入符合条件的账号密码"}
[2022-04-04T19:04:20.475] [INFO] default - funName:register 
      ctx.request.body:{"username":"huhu","password":"12456"},
      ctx.body:{"status":500,"data":null,"msg":"注册失败,该用户已存在"}
[2022-04-04T19:04:20.476] [INFO] default - funName:userValidator 
      ctx.request.body:{"username":"huhu","password":"12456"},
      ctx.body:{"status":500,"data":null,"msg":"注册失败,该用户已存在"}
[2022-04-04T19:04:24.248] [INFO] default - funName:register 
      ctx.request.body:{"username":"huhuhu","password":"12456"},
      ctx.body:{"status":200,"data":null,"msg":"注册成功"}
[2022-04-04T19:04:24.248] [INFO] default - funName:userValidator 
      ctx.request.body:{"username":"huhuhu","password":"12456"},
      ctx.body:{"status":200,"data":null,"msg":"注册成功"}
[2022-04-04T19:06:37.730] [INFO] default - 连接数据库成功:undefined
[2022-04-04T19:26:45.945] [INFO] default - 连接数据库成功:undefined
[2022-04-04T19:27:19.336] [INFO] default - 连接数据库成功:undefined
[2022-04-04T19:31:03.680] [INFO] default - 连接数据库成功:undefined
